<?xml version="1.0" encoding="utf-8"?>
<shfbBuild product="Sandcastle Help File Builder and Tools" version="2024.9.12.0" projectFile="E:\SHFBInstaller_2024.9.12.0\Machina.shfbproj" started="10/14/2024 3:52:52 AM">
<buildStep step="Initializing">
The Sandcastle tools are located in &#39;C:\Program Files (x86)\EWSoftware\Sandcastle Help File Builder&#39;
Locating components in the following folder(s):
    E:\SHFBInstaller_2024.9.12.0
    C:\ProgramData\EWSoftware\Sandcastle Help File Builder\Components and Plug-Ins
    C:\Program Files (x86)\EWSoftware\Sandcastle Help File Builder\Components
Using framework reflection data for &#39;.NET Core/.NET Standard/.NET 5.0+&#39; located in &#39;C:\Program Files (x86)\EWSoftware\Sandcastle Help File Builder\Data\.NET&#39;
Using presentation style &#39;Default2022&#39; located in &#39;C:\Program Files (x86)\EWSoftware\Sandcastle Help File Builder\Components\Default2022&#39;
Loading and initializing plug-ins...
Website Table of Contents Generator Version 2024.9.12.0
Copyright &#169; 2006-2024, Eric Woodruff, All Rights Reserved
-------------------------------
Clearing any prior web/markdown output...
</buildStep>
<buildStep step="ValidatingDocumentationSources">
Validating and copying documentation source information
Source: D:\projects\Machina.NET\src\Machina\bin\Debug\Machina.xml
Source: D:\projects\Machina.NET\src\Machina\bin\Debug\net8.0\Machina.dll
    Found assembly &#39;D:\projects\Machina.NET\src\Machina\bin\Debug\net8.0\Machina.dll&#39;
Source: D:\projects\Machina.NET\src\Machina\bin\Debug\net8.0\Machina.xml

References to include:
    ABB.Robotics.Controllers.PC
    RobotStudio.Services.RobApi
    RobotStudio.Services.RobApi.Desktop

Copying XML comments files
    D:\projects\Machina.NET\src\Machina\bin\Debug\Machina.xml -&gt; E:\SHFBInstaller_2024.9.12.0\Help\Working\Machina.xml
SHFB: Warning BE0063: &#39;D:\projects\Machina.NET\src\Machina\bin\Debug\net8.0\Machina.xml&#39; matches a previously copied comments filename.  The duplicate will be copied to a unique name to preserve the comments it contains.
    D:\projects\Machina.NET\src\Machina\bin\Debug\net8.0\Machina.xml -&gt; E:\SHFBInstaller_2024.9.12.0\Help\Working\{1cca025b-37e0-4834-928e-0c915d02e324}
</buildStep>
<buildStep step="GenerateSharedContent">
Generating shared content files (en-US, English (United States))...
    Last step completed in 00:00:00.0020
</buildStep>
<buildStep step="GenerateApiFilter">
Generating API filter for MRefBuilder...
    Last step completed in 00:00:00.0485
</buildStep>
<buildStep step="GenerateReflectionInfo">
Generating reflection information...
[C:\Program Files (x86)\Microsoft Visual Studio\2022\BuildTools\MSBuild\Current\Bin\amd64\MSBuild.exe - GenerateRefInfo-9dced2ec-4f09-4a76-949f-05cded6ed9ad.proj]
Build started 10/14/2024 3:52:54 AM.

Project &quot;E:\SHFBInstaller_2024.9.12.0\Help\Working\GenerateRefInfo-9dced2ec-4f09-4a76-949f-05cded6ed9ad.proj&quot; on node 1 (default targets).
PrepareForBuild:
  Creating directory &quot;obj\Debug\&quot;.
GenerateRefInfo:
  Microsoft.Build (v17.11.9+a69bbaaf5f8d7249b8cab7309e81ad2221ce396c)
  c Microsoft Corporation. All rights reserved.
  No source code context base path specified.  Source context information is unavailable.
  Loaded 1 assemblies for reflection and 4 dependency assemblies.
  Using framework redirect &#39;System.Collections, Version=8.0.0.0, Culture=neutral, PublicKeyToken=b03f5f7f11d50a3a&#39; in place of &#39;System.Collections, Version=8.0.0.0, Culture=neutral, PublicKeyToken=b03f5f7f11d50a3a&#39;
  Using framework redirect &#39;System.Threading.Thread, Version=8.0.0.0, Culture=neutral, PublicKeyToken=b03f5f7f11d50a3a&#39; in place of &#39;System.Threading.Thread, Version=8.0.0.0, Culture=neutral, PublicKeyToken=b03f5f7f11d50a3a&#39;
  Using framework redirect &#39;System.Net.Primitives, Version=8.0.0.0, Culture=neutral, PublicKeyToken=b03f5f7f11d50a3a&#39; in place of &#39;System.Net.Primitives, Version=8.0.0.0, Culture=neutral, PublicKeyToken=b03f5f7f11d50a3a&#39;
  Using framework redirect &#39;System.Net.Sockets, Version=8.0.0.0, Culture=neutral, PublicKeyToken=b03f5f7f11d50a3a&#39; in place of &#39;System.Net.Sockets, Version=8.0.0.0, Culture=neutral, PublicKeyToken=b03f5f7f11d50a3a&#39;
  Using framework redirect &#39;System.Runtime.InteropServices, Version=8.0.0.0, Culture=neutral, PublicKeyToken=b03f5f7f11d50a3a&#39; in place of &#39;System.Runtime.InteropServices, Version=8.0.0.0, Culture=neutral, PublicKeyToken=b03f5f7f11d50a3a&#39;
  Wrote information on 11 namespaces, 113 types, and 1374 members
  Merging duplicate type and member information
  Merged 0 duplicate type(s) and 0 duplicate member(s)
Done Building Project &quot;E:\SHFBInstaller_2024.9.12.0\Help\Working\GenerateRefInfo-9dced2ec-4f09-4a76-949f-05cded6ed9ad.proj&quot; (default targets).
    Last step completed in 00:00:01.9016
</buildStep>
<buildStep step="ApplyDocumentModel">
Applying document model to reflection output...
    Last step completed in 00:00:00.3765
</buildStep>
<buildStep step="AddApiTopicFilenames">
Adding topic filenames to API members...
    Last step completed in 00:00:00.2325
</buildStep>
<buildStep step="GenerateApiTopicManifest">
Generating API topic manifest...
    Last step completed in 00:00:00.3185
</buildStep>
<buildStep step="GenerateNamespaceSummaries">
Generating namespace summary information...
    Last step completed in 00:00:00.0785
</buildStep>
<buildStep step="CopyAdditionalContent">
Copying additional content files...
No additional content to copy
    Last step completed in 00:00:00.0000
</buildStep>
<buildStep step="MergeTablesOfContents">
Merging conceptual and additional tables of contents...
    Last step completed in 00:00:00.0000
</buildStep>
<buildStep step="GenerateIntermediateTableOfContents">
Generating intermediate table of contents file for API content...
Generating conceptual content intermediate TOC file...
    Last step completed in 00:00:00.1320
</buildStep>
<buildStep step="CreateBuildAssemblerConfigs">
Creating Sandcastle configuration files...
    Last step completed in 00:00:00.0985
</buildStep>
<buildStep step="CombiningIntermediateTocFiles">
Combining conceptual and API intermediate TOC files...
    Last step completed in 00:00:00.0065
</buildStep>
<buildStep step="MergeCustomConfigs">
Merging custom build component configurations
E:\SHFBInstaller_2024.9.12.0\Help\Working\BuildAssembler.config
  Updating reference topic configurations.
  No conceptual content.  Removing conceptual content components.
    Last step completed in 00:00:00.0180
</buildStep>
<buildStep step="BuildTopics">
Building help topics...
<plugIn name="Website Table of Contents Generator" behavior="Before" priority="1000">
Loading TOC info and adding unique IDs to parent nodes
</plugIn>Loading configuration...
Processing topics...
SHFB: Warning BE0066: ResolveReferenceLinksComponent: [M:Machina.Drivers.Communication.RobotStudioManager.LoadModuleFromControllerToTask(ABB.Robotics.Controllers.RapidDomain.Task,System.String,System.Boolean)] Unknown reference link target &#39;T:ABB.Robotics.Controllers.RapidDomain.Task&#39;.
SHFB: Warning BE0066: ResolveReferenceLinksComponent: [M:Machina.Drivers.Communication.RobotStudioManager.LoadModuleToTask(ABB.Robotics.Controllers.RapidDomain.Task,System.String,System.String)] Unknown reference link target &#39;T:ABB.Robotics.Controllers.RapidDomain.Task&#39;.
Processed 1738 topic(s)
2 warning(s)
CopyFromIndexComponent: &quot;reflection&quot; in-memory cache entries used: 5 of 15.
CopyFromIndexComponent: &quot;comments&quot; in-memory cache entries used: 3 of 30.
SaveComponent: Waiting for the document writer task to finish (1 Website API file(s) remaining)...
<plugIn name="Website Table of Contents Generator" behavior="After" priority="1000">
Generating TOC fragment files
</plugIn>    Last step completed in 00:00:11.1224
</buildStep>
<buildStep step="CopyStandardHelpContent">
Copying standard help content...
C:\Program Files (x86)\EWSoftware\Sandcastle Help File Builder\Components\Default2022\css\bulma.css -&gt; E:\SHFBInstaller_2024.9.12.0\Help\Working\Output\Website\css\bulma.css
C:\Program Files (x86)\EWSoftware\Sandcastle Help File Builder\Components\Default2022\css\bulma.css.map -&gt; E:\SHFBInstaller_2024.9.12.0\Help\Working\Output\Website\css\bulma.css.map
C:\Program Files (x86)\EWSoftware\Sandcastle Help File Builder\Components\Default2022\css\bulma.min.css -&gt; E:\SHFBInstaller_2024.9.12.0\Help\Working\Output\Website\css\bulma.min.css
C:\Program Files (x86)\EWSoftware\Sandcastle Help File Builder\Components\Default2022\css\font-awesome.css -&gt; E:\SHFBInstaller_2024.9.12.0\Help\Working\Output\Website\css\font-awesome.css
C:\Program Files (x86)\EWSoftware\Sandcastle Help File Builder\Components\Default2022\css\font-awesome.min.css -&gt; E:\SHFBInstaller_2024.9.12.0\Help\Working\Output\Website\css\font-awesome.min.css
C:\Program Files (x86)\EWSoftware\Sandcastle Help File Builder\Components\Default2022\css\ja-JP.css -&gt; E:\SHFBInstaller_2024.9.12.0\Help\Working\Output\Website\css\ja-JP.css
C:\Program Files (x86)\EWSoftware\Sandcastle Help File Builder\Components\Default2022\css\ko-KR.css -&gt; E:\SHFBInstaller_2024.9.12.0\Help\Working\Output\Website\css\ko-KR.css
C:\Program Files (x86)\EWSoftware\Sandcastle Help File Builder\Components\Default2022\css\presentationStyle.css -&gt; E:\SHFBInstaller_2024.9.12.0\Help\Working\Output\Website\css\presentationStyle.css
C:\Program Files (x86)\EWSoftware\Sandcastle Help File Builder\Components\Default2022\css\vs.min.css -&gt; E:\SHFBInstaller_2024.9.12.0\Help\Working\Output\Website\css\vs.min.css
C:\Program Files (x86)\EWSoftware\Sandcastle Help File Builder\Components\Default2022\css\zh-CN.css -&gt; E:\SHFBInstaller_2024.9.12.0\Help\Working\Output\Website\css\zh-CN.css
C:\Program Files (x86)\EWSoftware\Sandcastle Help File Builder\Components\Default2022\css\zh-TW.css -&gt; E:\SHFBInstaller_2024.9.12.0\Help\Working\Output\Website\css\zh-TW.css
C:\Program Files (x86)\EWSoftware\Sandcastle Help File Builder\Components\Default2022\icons\favicon.ico -&gt; E:\SHFBInstaller_2024.9.12.0\Help\Working\Output\Website\icons\favicon.ico
C:\Program Files (x86)\EWSoftware\Sandcastle Help File Builder\Components\Default2022\scripts\clipboard.min.js -&gt; E:\SHFBInstaller_2024.9.12.0\Help\Working\Output\Website\scripts\clipboard.min.js
C:\Program Files (x86)\EWSoftware\Sandcastle Help File Builder\Components\Default2022\scripts\highlight.min.js -&gt; E:\SHFBInstaller_2024.9.12.0\Help\Working\Output\Website\scripts\highlight.min.js
C:\Program Files (x86)\EWSoftware\Sandcastle Help File Builder\Components\Default2022\scripts\jquery-3.5.1.min.js -&gt; E:\SHFBInstaller_2024.9.12.0\Help\Working\Output\Website\scripts\jquery-3.5.1.min.js
C:\Program Files (x86)\EWSoftware\Sandcastle Help File Builder\Components\Default2022\scripts\presentationStyle.js -&gt; E:\SHFBInstaller_2024.9.12.0\Help\Working\Output\Website\scripts\presentationStyle.js
C:\Program Files (x86)\EWSoftware\Sandcastle Help File Builder\Components\Default2022\webfonts\fa-brands-400.ttf -&gt; E:\SHFBInstaller_2024.9.12.0\Help\Working\Output\Website\webfonts\fa-brands-400.ttf
C:\Program Files (x86)\EWSoftware\Sandcastle Help File Builder\Components\Default2022\webfonts\fa-brands-400.woff2 -&gt; E:\SHFBInstaller_2024.9.12.0\Help\Working\Output\Website\webfonts\fa-brands-400.woff2
C:\Program Files (x86)\EWSoftware\Sandcastle Help File Builder\Components\Default2022\webfonts\fa-regular-400.ttf -&gt; E:\SHFBInstaller_2024.9.12.0\Help\Working\Output\Website\webfonts\fa-regular-400.ttf
C:\Program Files (x86)\EWSoftware\Sandcastle Help File Builder\Components\Default2022\webfonts\fa-regular-400.woff2 -&gt; E:\SHFBInstaller_2024.9.12.0\Help\Working\Output\Website\webfonts\fa-regular-400.woff2
C:\Program Files (x86)\EWSoftware\Sandcastle Help File Builder\Components\Default2022\webfonts\fa-solid-900.ttf -&gt; E:\SHFBInstaller_2024.9.12.0\Help\Working\Output\Website\webfonts\fa-solid-900.ttf
C:\Program Files (x86)\EWSoftware\Sandcastle Help File Builder\Components\Default2022\webfonts\fa-solid-900.woff2 -&gt; E:\SHFBInstaller_2024.9.12.0\Help\Working\Output\Website\webfonts\fa-solid-900.woff2
C:\Program Files (x86)\EWSoftware\Sandcastle Help File Builder\Components\Default2022\webfonts\fa-v4compatibility.ttf -&gt; E:\SHFBInstaller_2024.9.12.0\Help\Working\Output\Website\webfonts\fa-v4compatibility.ttf
C:\Program Files (x86)\EWSoftware\Sandcastle Help File Builder\Components\Default2022\webfonts\fa-v4compatibility.woff2 -&gt; E:\SHFBInstaller_2024.9.12.0\Help\Working\Output\Website\webfonts\fa-v4compatibility.woff2
C:\Program Files (x86)\EWSoftware\Sandcastle Help File Builder\Components\Default2022\RootWebsiteContent\GeneralError.html -&gt; E:\SHFBInstaller_2024.9.12.0\Help\Working\Output\Website\GeneralError.html
C:\Program Files (x86)\EWSoftware\Sandcastle Help File Builder\Components\Default2022\RootWebsiteContent\index.html -&gt; E:\SHFBInstaller_2024.9.12.0\Help\Working\Output\Website\index.html
C:\Program Files (x86)\EWSoftware\Sandcastle Help File Builder\Components\Default2022\RootWebsiteContent\PageNotFound.html -&gt; E:\SHFBInstaller_2024.9.12.0\Help\Working\Output\Website\PageNotFound.html
C:\Program Files (x86)\EWSoftware\Sandcastle Help File Builder\Components\Default2022\RootWebsiteContent\search.html -&gt; E:\SHFBInstaller_2024.9.12.0\Help\Working\Output\Website\search.html
C:\Program Files (x86)\EWSoftware\Sandcastle Help File Builder\Components\Default2022\RootWebsiteContent\SearchHelp.aspx -&gt; E:\SHFBInstaller_2024.9.12.0\Help\Working\Output\Website\SearchHelp.aspx
C:\Program Files (x86)\EWSoftware\Sandcastle Help File Builder\Components\Default2022\RootWebsiteContent\SearchHelp.inc.php -&gt; E:\SHFBInstaller_2024.9.12.0\Help\Working\Output\Website\SearchHelp.inc.php
C:\Program Files (x86)\EWSoftware\Sandcastle Help File Builder\Components\Default2022\RootWebsiteContent\SearchHelp.php -&gt; E:\SHFBInstaller_2024.9.12.0\Help\Working\Output\Website\SearchHelp.php
C:\Program Files (x86)\EWSoftware\Sandcastle Help File Builder\Components\Default2022\RootWebsiteContent\Web.Config -&gt; E:\SHFBInstaller_2024.9.12.0\Help\Working\Output\Website\Web.Config
    Last step completed in 00:00:00.1316
</buildStep>
<buildStep step="GenerateFullTextIndex">
Generating full-text index for the website...

    Last step completed in 00:00:01.1255
</buildStep>
<buildStep step="CopyingWebsiteFiles">
Copying website files to output folder...

Copied 500 files
Copied 1000 files
Copied 1500 files
Copied 2000 files
Copied 2207 files for the website content
    Last step completed in 00:00:01.8921
</buildStep>
<buildStep step="CleanIntermediates">
Removing intermediate files...
    Last step completed in 00:00:00.3755
</buildStep>
<buildStep step="Completed">

Build completed successfully at 10/14/2024 3:53:11 AM.  Total time: 00:00:19.0075

</buildStep>
</shfbBuild>
